0 info it worked if it ends with ok
1 verbose cli [
1 verbose cli   'C:\\Program Files\\nodejs\\node.exe',
1 verbose cli   'C:\\Program Files\\nodejs\\node_modules\\npm\\bin\\npm-cli.js',
1 verbose cli   'install',
1 verbose cli   'gltfjsx@latest',
1 verbose cli   '--global',
1 verbose cli   '--prefix',
1 verbose cli   'C:\\Users\\Mark',
1 verbose cli   '-',
1 verbose cli   'Main\\Desktop\\MAINCODINGHUB\\galloocho\\public\\UsersMark-MainAppDataRoamingnpm-cache\\_npx\\18312',
1 verbose cli   '--loglevel',
1 verbose cli   'error',
1 verbose cli   '--json'
1 verbose cli ]
2 info using npm@6.14.4
3 info using node@v13.12.0
4 verbose npm-session 7f2a25433e484681
5 silly install loadCurrentTree
6 silly install readGlobalPackageData
7 silly fetchPackageMetaData error for file:Main\Desktop\MAINCODINGHUB\galloocho\public\UsersMark-MainAppDataRoamingnpm-cache\_npx\18312 Could not install from "Main\Desktop\MAINCODINGHUB\galloocho\public\UsersMark-MainAppDataRoamingnpm-cache\_npx\18312" as it does not contain a package.json file.
8 http fetch GET 200 https://registry.npmjs.org/gltfjsx 27ms (from cache)
9 http fetch GET 200 https://registry.npmjs.org/- 13ms (from cache)
10 silly pacote tag manifest for gltfjsx@latest fetched in 40ms
11 silly pacote tag manifest for -@latest fetched in 18ms
12 timing stage:rollbackFailedOptional Completed in 0ms
13 timing stage:runTopLevelLifecycles Completed in 48ms
14 verbose stack Error: ENOENT: no such file or directory, open 'C:\Users\Mark - Main\desktop\maincodinghub\galloocho\public\Main\Desktop\MAINCODINGHUB\galloocho\public\UsersMark-MainAppDataRoamingnpm-cache\_npx\18312\package.json'
15 verbose cwd C:\Users\Mark - Main\desktop\maincodinghub\galloocho\public
16 verbose Windows_NT 10.0.19043
17 verbose argv "C:\\Program Files\\nodejs\\node.exe" "C:\\Program Files\\nodejs\\node_modules\\npm\\bin\\npm-cli.js" "install" "gltfjsx@latest" "--global" "--prefix" "C:\\Users\\Mark" "-" "Main\\Desktop\\MAINCODINGHUB\\galloocho\\public\\UsersMark-MainAppDataRoamingnpm-cache\\_npx\\18312" "--loglevel" "error" "--json"
18 verbose node v13.12.0
19 verbose npm  v6.14.4
20 error code ENOLOCAL
21 error Could not install from "Main\Desktop\MAINCODINGHUB\galloocho\public\UsersMark-MainAppDataRoamingnpm-cache\_npx\18312" as it does not contain a package.json file.
22 verbose exit [ 1, true ]
